2023-03-11 10:11:13.189 [info] Log level: Info
2023-03-11 10:11:13.189 [info] Validating found git in: "git"
2023-03-11 10:11:13.189 [info] Using git "2.39.2" from "git"
2023-03-11 10:11:13.189 [info] > git rev-parse --show-toplevel [12ms]
2023-03-11 10:11:13.189 [info] fatal: not a git repository (or any of the parent directories): .git
2023-03-11 10:11:13.189 [info] > git rev-parse --show-toplevel [4ms]
2023-03-11 10:11:13.189 [info] fatal: not a git repository (or any of the parent directories): .git
2023-03-11 10:11:13.201 [info] > git rev-parse --show-toplevel [13ms]
2023-03-11 10:11:13.201 [info] fatal: not a git repository (or any of the parent directories): .git
2023-03-11 10:11:13.320 [info] > git rev-parse --show-toplevel [105ms]
2023-03-11 10:11:13.321 [info] fatal: not a git repository (or any of the parent directories): .git
2023-03-11 10:11:13.337 [info] > git rev-parse --show-toplevel [2ms]
2023-03-11 10:11:13.338 [info] fatal: not a git repository (or any of the parent directories): .git
2023-03-11 10:11:13.352 [info] > git rev-parse --show-toplevel [2ms]
2023-03-11 10:11:13.352 [info] fatal: not a git repository (or any of the parent directories): .git
2023-03-11 10:11:13.529 [info] > git rev-parse --show-toplevel [8ms]
2023-03-11 10:11:13.529 [info] fatal: not a git repository (or any of the parent directories): .git
2023-03-11 10:11:13.791 [info] > git rev-parse --show-toplevel [3ms]
2023-03-11 10:11:13.791 [info] fatal: not a git repository (or any of the parent directories): .git
2023-03-11 10:13:21.451 [info] > git rev-parse --show-toplevel [7ms]
2023-03-11 10:13:21.451 [info] fatal: not a git repository (or any of the parent directories): .git
2023-03-11 10:13:37.307 [info] > git rev-parse --show-toplevel [110ms]
2023-03-11 10:13:37.307 [info] fatal: not a git repository (or any of the parent directories): .git
2023-03-11 10:13:43.838 [info] > git rev-parse --show-toplevel [13ms]
2023-03-11 10:13:43.838 [info] fatal: not a git repository (or any of the parent directories): .git
2023-03-11 10:13:45.741 [info] > git rev-parse --show-toplevel [16ms]
2023-03-11 10:13:45.742 [info] fatal: not a git repository (or any of the parent directories): .git
2023-03-11 10:13:49.433 [info] > git rev-parse --show-toplevel [11ms]
2023-03-11 10:13:49.433 [info] fatal: not a git repository (or any of the parent directories): .git
2023-03-11 10:14:34.211 [info] > git rev-parse --show-toplevel [7ms]
2023-03-11 10:14:34.212 [info] fatal: not a git repository (or any of the parent directories): .git
2023-03-11 10:14:47.560 [info] > git rev-parse --show-toplevel [12ms]
2023-03-11 10:14:47.560 [info] fatal: not a git repository (or any of the parent directories): .git
2023-03-11 10:14:49.358 [info] > git rev-parse --show-toplevel [18ms]
2023-03-11 10:14:49.358 [info] fatal: not a git repository (or any of the parent directories): .git
2023-03-11 10:14:50.089 [info] > git rev-parse --show-toplevel [18ms]
2023-03-11 10:14:50.089 [info] fatal: not a git repository (or any of the parent directories): .git
2023-03-11 10:14:55.499 [info] > git rev-parse --show-toplevel [4ms]
2023-03-11 10:14:55.500 [info] fatal: not a git repository (or any of the parent directories): .git
2023-03-11 10:15:07.681 [info] > git rev-parse --show-toplevel [3ms]
2023-03-11 10:15:07.681 [info] fatal: not a git repository (or any of the parent directories): .git
2023-03-11 10:15:09.181 [info] > git rev-parse --show-toplevel [8ms]
2023-03-11 10:15:09.181 [info] fatal: not a git repository (or any of the parent directories): .git
2023-03-11 10:15:09.818 [info] > git rev-parse --show-toplevel [5ms]
2023-03-11 10:15:09.818 [info] fatal: not a git repository (or any of the parent directories): .git
2023-03-11 10:15:12.377 [info] > git rev-parse --show-toplevel [6ms]
2023-03-11 10:15:12.377 [info] fatal: not a git repository (or any of the parent directories): .git
2023-03-11 10:15:16.236 [info] > git rev-parse --show-toplevel [13ms]
2023-03-11 10:15:16.236 [info] fatal: not a git repository (or any of the parent directories): .git
