2023-03-08 20:35:30.809 [info] Added views:workbench.panel.markers.view in workbench.panel.markers
2023-03-08 20:35:30.809 [info] Added views:workbench.panel.output in workbench.panel.output
2023-03-08 20:35:30.809 [info] Added views:terminal in terminal
2023-03-08 20:35:30.809 [info] Added views:outline in workbench.view.explorer
2023-03-08 20:35:30.809 [info] Added views:workbench.scm in workbench.view.scm
2023-03-08 20:35:30.809 [info] Added views:workbench.view.search in workbench.view.search
2023-03-08 20:35:30.809 [info] Added views:timeline in workbench.view.explorer
2023-03-08 20:35:30.809 [info] Added views:workbench.explorer.fileView in workbench.view.explorer
2023-03-08 20:35:31.312 [info] Added views:workbench.debug.welcome in workbench.view.debug
2023-03-08 20:35:32.172 [info] Added views:workbench.panel.repl.view in workbench.panel.repl
2023-03-08 20:50:27.832 [info] Added views:workbench.panel.markers.view in workbench.panel.markers
2023-03-08 20:50:27.832 [info] Added views:workbench.panel.output in workbench.panel.output
2023-03-08 20:50:27.832 [info] Added views:terminal in terminal
2023-03-08 20:50:27.832 [info] Added views:outline in workbench.view.explorer
2023-03-08 20:50:27.832 [info] Added views:workbench.scm in workbench.view.scm
2023-03-08 20:50:27.832 [info] Added views:workbench.view.search in workbench.view.search
2023-03-08 20:50:27.832 [info] Added views:timeline in workbench.view.explorer
2023-03-08 20:50:27.832 [info] Added views:workbench.explorer.fileView in workbench.view.explorer
2023-03-08 20:50:28.656 [info] Added views:workbench.debug.variablesView,workbench.debug.watchExpressionsView,workbench.debug.callStackView,workbench.debug.breakPointsView in workbench.view.debug
2023-03-08 20:50:28.733 [info] Added views:workbench.panel.repl.view in workbench.panel.repl
2023-03-08 20:50:28.736 [info] Removed views:workbench.debug.breakPointsView,workbench.debug.callStackView,workbench.debug.watchExpressionsView,workbench.debug.variablesView from workbench.view.debug
2023-03-08 20:50:28.739 [info] Added views:workbench.debug.welcome in workbench.view.debug
2023-03-08 21:16:59.936 [info] Added views:workbench.views.extensions.installed,workbench.views.extensions.popular,extensions.recommendedList in workbench.view.extensions
2023-03-08 21:16:59.940 [info] Removed views:workbench.views.extensions.popular from workbench.view.extensions
2023-03-08 22:12:44.542 [info] Added views:workbench.panel.markers.view in workbench.panel.markers
2023-03-08 22:12:44.542 [info] Added views:workbench.panel.output in workbench.panel.output
2023-03-08 22:12:44.542 [info] Added views:terminal in terminal
2023-03-08 22:12:44.542 [info] Added views:outline in workbench.view.explorer
2023-03-08 22:12:44.542 [info] Added views:workbench.scm in workbench.view.scm
2023-03-08 22:12:44.542 [info] Added views:workbench.view.search in workbench.view.search
2023-03-08 22:12:44.542 [info] Added views:timeline in workbench.view.explorer
2023-03-08 22:12:44.542 [info] Added views:workbench.explorer.fileView in workbench.view.explorer
2023-03-08 22:12:45.153 [info] Added views:workbench.debug.welcome in workbench.view.debug
2023-03-08 22:12:45.505 [info] Added views:workbench.panel.repl.view in workbench.panel.repl
