2023-03-08 20:35:32.030 [info] Extension host with pid 13874 started
2023-03-08 20:35:32.030 [info] Skipping acquiring lock for /home/sumi/.config/VSCodium/User/workspaceStorage/f629f643338c8dc53b3dd3d2298561b0.
2023-03-08 20:35:32.183 [info] ExtensionService#_doActivateExtension vscode.emmet, startup: false, activationEvent: 'onLanguage'
2023-03-08 20:35:32.184 [info] ExtensionService#_doActivateExtension vscode.git-base, startup: true, activationEvent: '*', root cause: vscode.git
2023-03-08 20:35:32.184 [info] ExtensionService#_doActivateExtension formulahendry.auto-close-tag, startup: true, activationEvent: '*'
2023-03-08 20:35:32.185 [info] ExtensionService#_doActivateExtension naumovs.color-highlight, startup: true, activationEvent: '*'
2023-03-08 20:35:32.339 [info] ExtensionService#_doActivateExtension vscode.git, startup: true, activationEvent: '*'
2023-03-08 20:35:32.341 [info] ExtensionService#_doActivateExtension vscode.github, startup: true, activationEvent: '*'
2023-03-08 20:35:32.517 [info] Eager extensions activated
2023-03-08 20:35:32.647 [info] ExtensionService#_doActivateExtension vscode.debug-auto-launch, startup: false, activationEvent: 'onStartupFinished'
2023-03-08 20:35:32.648 [info] ExtensionService#_doActivateExtension vscode.merge-conflict, startup: false, activationEvent: 'onStartupFinished'
2023-03-08 20:35:32.649 [info] ExtensionService#_doActivateExtension PKief.material-icon-theme, startup: false, activationEvent: 'onStartupFinished'
2023-03-08 20:35:32.650 [info] ExtensionService#_doActivateExtension ritwickdey.LiveServer, startup: false, activationEvent: 'onStartupFinished'
2023-03-08 20:35:32.651 [info] ExtensionService#_doActivateExtension sainnhe.gruvbox-material, startup: false, activationEvent: 'onStartupFinished'
2023-03-08 20:41:16.584 [info] ExtensionService#_doActivateExtension vscode.configuration-editing, startup: false, activationEvent: 'onLanguage:jsonc'
2023-03-08 20:41:16.584 [info] ExtensionService#_doActivateExtension vscode.json-language-features, startup: false, activationEvent: 'onLanguage:jsonc'
2023-03-08 20:41:16.585 [info] ExtensionService#_doActivateExtension vscode.typescript-language-features, startup: false, activationEvent: 'onLanguage:jsonc'
2023-03-08 20:50:25.981 [info] Extension host terminating: received terminate message from renderer
2023-03-08 20:50:26.023 [info] Extension host with pid 13874 exiting with code 0
2023-03-08 20:50:28.549 [info] Extension host with pid 18823 started
2023-03-08 20:50:28.549 [info] Skipping acquiring lock for /home/sumi/.config/VSCodium/User/workspaceStorage/cef1a660720c6fed0d24de74c1de2c57.
2023-03-08 20:50:28.767 [info] ExtensionService#_doActivateExtension vscode.emmet, startup: false, activationEvent: 'onLanguage'
2023-03-08 20:50:28.768 [info] ExtensionService#_doActivateExtension vscode.git-base, startup: true, activationEvent: '*', root cause: vscode.git
2023-03-08 20:50:28.769 [info] ExtensionService#_doActivateExtension formulahendry.auto-close-tag, startup: true, activationEvent: '*'
2023-03-08 20:50:28.770 [info] ExtensionService#_doActivateExtension naumovs.color-highlight, startup: true, activationEvent: '*'
2023-03-08 20:50:28.838 [info] ExtensionService#_doActivateExtension vscode.git, startup: true, activationEvent: '*'
2023-03-08 20:50:28.839 [info] ExtensionService#_doActivateExtension vscode.github, startup: true, activationEvent: '*'
2023-03-08 20:50:28.925 [info] Eager extensions activated
2023-03-08 20:50:28.954 [info] ExtensionService#_doActivateExtension vscode.debug-auto-launch, startup: false, activationEvent: 'onStartupFinished'
2023-03-08 20:50:28.954 [info] ExtensionService#_doActivateExtension vscode.merge-conflict, startup: false, activationEvent: 'onStartupFinished'
2023-03-08 20:50:28.955 [info] ExtensionService#_doActivateExtension PKief.material-icon-theme, startup: false, activationEvent: 'onStartupFinished'
2023-03-08 20:50:28.956 [info] ExtensionService#_doActivateExtension ritwickdey.LiveServer, startup: false, activationEvent: 'onStartupFinished'
2023-03-08 20:50:28.957 [info] ExtensionService#_doActivateExtension sainnhe.gruvbox-material, startup: false, activationEvent: 'onStartupFinished'
2023-03-08 22:12:42.665 [info] Extension host terminating: received terminate message from renderer
2023-03-08 22:12:42.682 [info] Extension host with pid 18823 exiting with code 0
2023-03-08 22:12:45.295 [info] Extension host with pid 49445 started
2023-03-08 22:12:45.296 [info] Skipping acquiring lock for /home/sumi/.config/VSCodium/User/workspaceStorage/f629f643338c8dc53b3dd3d2298561b0.
2023-03-08 22:12:45.516 [info] ExtensionService#_doActivateExtension vscode.emmet, startup: false, activationEvent: 'onLanguage'
2023-03-08 22:12:45.516 [info] ExtensionService#_doActivateExtension vscode.git-base, startup: true, activationEvent: '*', root cause: vscode.git
2023-03-08 22:12:45.517 [info] ExtensionService#_doActivateExtension formulahendry.auto-close-tag, startup: true, activationEvent: '*'
2023-03-08 22:12:45.518 [info] ExtensionService#_doActivateExtension naumovs.color-highlight, startup: true, activationEvent: '*'
2023-03-08 22:12:45.619 [info] ExtensionService#_doActivateExtension vscode.git, startup: true, activationEvent: '*'
2023-03-08 22:12:45.620 [info] ExtensionService#_doActivateExtension vscode.github, startup: true, activationEvent: '*'
2023-03-08 22:12:45.738 [info] Eager extensions activated
2023-03-08 22:12:45.761 [info] ExtensionService#_doActivateExtension vscode.debug-auto-launch, startup: false, activationEvent: 'onStartupFinished'
2023-03-08 22:12:45.762 [info] ExtensionService#_doActivateExtension vscode.merge-conflict, startup: false, activationEvent: 'onStartupFinished'
2023-03-08 22:12:45.763 [info] ExtensionService#_doActivateExtension PKief.material-icon-theme, startup: false, activationEvent: 'onStartupFinished'
2023-03-08 22:12:45.764 [info] ExtensionService#_doActivateExtension ritwickdey.LiveServer, startup: false, activationEvent: 'onStartupFinished'
2023-03-08 22:12:45.764 [info] ExtensionService#_doActivateExtension sainnhe.gruvbox-material, startup: false, activationEvent: 'onStartupFinished'
2023-03-08 22:18:40.981 [info] Extension host terminating: received terminate message from renderer
2023-03-08 22:18:40.997 [info] Extension host with pid 49445 exiting with code 0
